2015.01.05 20:03 B B:\At School\Erwin\CLD\klas 4\Inf\PO websites\_Eigen website\code\Werkend v12\plaatjes\AsheFavouriteSkin.jpg --> ftp.xs4all.nl /ftp/home/.5a/m/myself/WWW/_Erwin/plaatjes AsheFavouriteSkin.jpg
2015.01.05 20:03 B B:\At School\Erwin\CLD\klas 4\Inf\PO websites\_Eigen website\code\Werkend v12\plaatjes\AsheOriginalSkin.jpg --> ftp.xs4all.nl /ftp/home/.5a/m/myself/WWW/_Erwin/plaatjes AsheOriginalSkin.jpg
2015.01.05 20:03 B B:\At School\Erwin\CLD\klas 4\Inf\PO websites\_Eigen website\code\Werkend v12\plaatjes\bowlen.jpg --> ftp.xs4all.nl /ftp/home/.5a/m/myself/WWW/_Erwin/plaatjes bowlen.jpg
2015.01.05 20:03 B B:\At School\Erwin\CLD\klas 4\Inf\PO websites\_Eigen website\code\Werkend v12\plaatjes\chillstepgroot.png --> ftp.xs4all.nl /ftp/home/.5a/m/myself/WWW/_Erwin/plaatjes chillstepgroot.png
2015.01.05 20:03 B B:\At School\Erwin\CLD\klas 4\Inf\PO websites\_Eigen website\code\Werkend v12\plaatjes\colombiana.jpg --> ftp.xs4all.nl /ftp/home/.5a/m/myself/WWW/_Erwin/plaatjes colombiana.jpg
2015.01.05 20:03 B B:\At School\Erwin\CLD\klas 4\Inf\PO websites\_Eigen website\code\Werkend v12\plaatjes\EZRgames.jpg --> ftp.xs4all.nl /ftp/home/.5a/m/myself/WWW/_Erwin/plaatjes EZRgames.jpg
2015.01.05 20:03 B B:\At School\Erwin\CLD\klas 4\Inf\PO websites\_Eigen website\code\Werkend v12\plaatjes\FizzFavouriteSkin.jpg --> ftp.xs4all.nl /ftp/home/.5a/m/myself/WWW/_Erwin/plaatjes FizzFavouriteSkin.jpg
2015.01.05 20:03 B B:\At School\Erwin\CLD\klas 4\Inf\PO websites\_Eigen website\code\Werkend v12\plaatjes\FizzOriginalSkin.jpg --> ftp.xs4all.nl /ftp/home/.5a/m/myself/WWW/_Erwin/plaatjes FizzOriginalSkin.jpg
2015.01.05 20:03 B B:\At School\Erwin\CLD\klas 4\Inf\PO websites\_Eigen website\code\Werkend v12\plaatjes\fotowiebenik.jpg --> ftp.xs4all.nl /ftp/home/.5a/m/myself/WWW/_Erwin/plaatjes fotowiebenik.jpg
2015.01.05 20:03 B B:\At School\Erwin\CLD\klas 4\Inf\PO websites\_Eigen website\code\Werkend v12\plaatjes\gameofthrones.jpg --> ftp.xs4all.nl /ftp/home/.5a/m/myself/WWW/_Erwin/plaatjes gameofthrones.jpg
2015.01.05 20:03 B B:\At School\Erwin\CLD\klas 4\Inf\PO websites\_Eigen website\code\Werkend v12\plaatjes\GnarFavouriteSkin.jpg --> ftp.xs4all.nl /ftp/home/.5a/m/myself/WWW/_Erwin/plaatjes GnarFavouriteSkin.jpg
2015.01.05 20:03 B B:\At School\Erwin\CLD\klas 4\Inf\PO websites\_Eigen website\code\Werkend v12\plaatjes\GnarOriginalSkin.jpg --> ftp.xs4all.nl /ftp/home/.5a/m/myself/WWW/_Erwin/plaatjes GnarOriginalSkin.jpg
2015.01.05 20:04 B B:\At School\Erwin\CLD\klas 4\Inf\PO websites\_Eigen website\code\Werkend v12\plaatjes\AsheFavouriteSkin.jpg --> ftp.xs4all.nl /ftp/home/.5a/m/myself/WWW/_Erwin/plaatjes AsheFavouriteSkin.jpg
2015.01.05 20:04 B B:\At School\Erwin\CLD\klas 4\Inf\PO websites\_Eigen website\code\Werkend v12\plaatjes\AsheOriginalSkin.jpg --> ftp.xs4all.nl /ftp/home/.5a/m/myself/WWW/_Erwin/plaatjes AsheOriginalSkin.jpg
2015.01.05 20:04 B B:\At School\Erwin\CLD\klas 4\Inf\PO websites\_Eigen website\code\Werkend v12\plaatjes\bowlen.jpg --> ftp.xs4all.nl /ftp/home/.5a/m/myself/WWW/_Erwin/plaatjes bowlen.jpg
2015.01.05 20:04 B B:\At School\Erwin\CLD\klas 4\Inf\PO websites\_Eigen website\code\Werkend v12\plaatjes\chillstepgroot.png --> ftp.xs4all.nl /ftp/home/.5a/m/myself/WWW/_Erwin/plaatjes chillstepgroot.png
2015.01.05 20:04 B B:\At School\Erwin\CLD\klas 4\Inf\PO websites\_Eigen website\code\Werkend v12\plaatjes\colombiana.jpg --> ftp.xs4all.nl /ftp/home/.5a/m/myself/WWW/_Erwin/plaatjes colombiana.jpg
2015.01.05 20:04 B B:\At School\Erwin\CLD\klas 4\Inf\PO websites\_Eigen website\code\Werkend v12\plaatjes\EZRgames.jpg --> ftp.xs4all.nl /ftp/home/.5a/m/myself/WWW/_Erwin/plaatjes EZRgames.jpg
2015.01.05 20:04 B B:\At School\Erwin\CLD\klas 4\Inf\PO websites\_Eigen website\code\Werkend v12\plaatjes\FizzFavouriteSkin.jpg --> ftp.xs4all.nl /ftp/home/.5a/m/myself/WWW/_Erwin/plaatjes FizzFavouriteSkin.jpg
2015.01.05 20:04 B B:\At School\Erwin\CLD\klas 4\Inf\PO websites\_Eigen website\code\Werkend v12\plaatjes\FizzOriginalSkin.jpg --> ftp.xs4all.nl /ftp/home/.5a/m/myself/WWW/_Erwin/plaatjes FizzOriginalSkin.jpg
2015.01.05 20:04 B B:\At School\Erwin\CLD\klas 4\Inf\PO websites\_Eigen website\code\Werkend v12\plaatjes\fotowiebenik.jpg --> ftp.xs4all.nl /ftp/home/.5a/m/myself/WWW/_Erwin/plaatjes fotowiebenik.jpg
2015.01.05 20:04 B B:\At School\Erwin\CLD\klas 4\Inf\PO websites\_Eigen website\code\Werkend v12\plaatjes\gameofthrones.jpg --> ftp.xs4all.nl /ftp/home/.5a/m/myself/WWW/_Erwin/plaatjes gameofthrones.jpg
2015.01.05 20:04 B B:\At School\Erwin\CLD\klas 4\Inf\PO websites\_Eigen website\code\Werkend v12\plaatjes\GnarFavouriteSkin.jpg --> ftp.xs4all.nl /ftp/home/.5a/m/myself/WWW/_Erwin/plaatjes GnarFavouriteSkin.jpg
2015.01.05 20:04 B B:\At School\Erwin\CLD\klas 4\Inf\PO websites\_Eigen website\code\Werkend v12\plaatjes\GnarOriginalSkin.jpg --> ftp.xs4all.nl /ftp/home/.5a/m/myself/WWW/_Erwin/plaatjes GnarOriginalSkin.jpg
2015.01.05 20:04 B B:\At School\Erwin\CLD\klas 4\Inf\PO websites\_Eigen website\code\Werkend v12\plaatjes\hobbit.jpg --> ftp.xs4all.nl /ftp/home/.5a/m/myself/WWW/_Erwin/plaatjes hobbit.jpg
2015.01.05 20:04 B B:\At School\Erwin\CLD\klas 4\Inf\PO websites\_Eigen website\code\Werkend v12\plaatjes\houseofcards.jpg --> ftp.xs4all.nl /ftp/home/.5a/m/myself/WWW/_Erwin/plaatjes houseofcards.jpg
2015.01.05 20:04 B B:\At School\Erwin\CLD\klas 4\Inf\PO websites\_Eigen website\code\Werkend v12\plaatjes\ilovehousemusic.jpg --> ftp.xs4all.nl /ftp/home/.5a/m/myself/WWW/_Erwin/plaatjes ilovehousemusic.jpg
2015.01.05 20:04 B B:\At School\Erwin\CLD\klas 4\Inf\PO websites\_Eigen website\code\Werkend v12\plaatjes\kano.jpg --> ftp.xs4all.nl /ftp/home/.5a/m/myself/WWW/_Erwin/plaatjes kano.jpg
2015.01.05 20:04 B B:\At School\Erwin\CLD\klas 4\Inf\PO websites\_Eigen website\code\Werkend v12\plaatjes\NoNamerRecords.jpg --> ftp.xs4all.nl /ftp/home/.5a/m/myself/WWW/_Erwin/plaatjes NoNamerRecords.jpg
2015.01.05 20:04 B B:\At School\Erwin\CLD\klas 4\Inf\PO websites\_Eigen website\code\Werkend v12\plaatjes\Paradise5.jpg --> ftp.xs4all.nl /ftp/home/.5a/m/myself/WWW/_Erwin/plaatjes Paradise5.jpg
2015.01.05 20:04 B B:\At School\Erwin\CLD\klas 4\Inf\PO websites\_Eigen website\code\Werkend v12\plaatjes\school.jpg --> ftp.xs4all.nl /ftp/home/.5a/m/myself/WWW/_Erwin/plaatjes school.jpg
2015.01.05 20:04 B B:\At School\Erwin\CLD\klas 4\Inf\PO websites\_Eigen website\code\Werkend v12\plaatjes\sherlock.jpg --> ftp.xs4all.nl /ftp/home/.5a/m/myself/WWW/_Erwin/plaatjes sherlock.jpg
2015.01.05 20:04 B B:\At School\Erwin\CLD\klas 4\Inf\PO websites\_Eigen website\code\Werkend v12\plaatjes\TeemoFavouriteSkin.jpg --> ftp.xs4all.nl /ftp/home/.5a/m/myself/WWW/_Erwin/plaatjes TeemoFavouriteSkin.jpg
2015.01.05 20:04 B B:\At School\Erwin\CLD\klas 4\Inf\PO websites\_Eigen website\code\Werkend v12\plaatjes\TeemoOriginalSkin.jpg --> ftp.xs4all.nl /ftp/home/.5a/m/myself/WWW/_Erwin/plaatjes TeemoOriginalSkin.jpg
2015.01.05 20:04 B B:\At School\Erwin\CLD\klas 4\Inf\PO websites\_Eigen website\code\Werkend v12\plaatjes\tennis.jpeg --> ftp.xs4all.nl /ftp/home/.5a/m/myself/WWW/_Erwin/plaatjes tennis.jpeg
2015.01.05 20:04 B B:\At School\Erwin\CLD\klas 4\Inf\PO websites\_Eigen website\code\Werkend v12\plaatjes\tennis.jpg --> ftp.xs4all.nl /ftp/home/.5a/m/myself/WWW/_Erwin/plaatjes tennis.jpg
2015.01.05 20:04 B B:\At School\Erwin\CLD\klas 4\Inf\PO websites\_Eigen website\code\Werkend v12\plaatjes\tiger.jpg --> ftp.xs4all.nl /ftp/home/.5a/m/myself/WWW/_Erwin/plaatjes tiger.jpg
2015.01.05 20:04 B B:\At School\Erwin\CLD\klas 4\Inf\PO websites\_Eigen website\code\Werkend v12\plaatjes\transformers.jpg --> ftp.xs4all.nl /ftp/home/.5a/m/myself/WWW/_Erwin/plaatjes transformers.jpg
2015.01.05 20:04 B B:\At School\Erwin\CLD\klas 4\Inf\PO websites\_Eigen website\code\Werkend v12\plaatjes\WS_FTP.LOG --> ftp.xs4all.nl /ftp/home/.5a/m/myself/WWW/_Erwin/plaatjes WS_FTP.LOG
2015.01.05 20:04 B B:\At School\Erwin\CLD\klas 4\Inf\PO websites\_Eigen website\code\Werkend v12\plaatjes\yamaha.JPG --> ftp.xs4all.nl /ftp/home/.5a/m/myself/WWW/_Erwin/plaatjes yamaha.JPG
2015.01.05 23:03 B B:\At School\Erwin\CLD\klas 4\Inf\PO websites\_Eigen website\code\Werkend v13\plaatjes\AsheFavouriteSkin.jpg --> ftp.xs4all.nl /ftp/home/.5a/m/myself/WWW/_Erwin/plaatjes AsheFavouriteSkin.jpg
2015.01.05 23:03 B B:\At School\Erwin\CLD\klas 4\Inf\PO websites\_Eigen website\code\Werkend v13\plaatjes\AsheOriginalSkin.jpg --> ftp.xs4all.nl /ftp/home/.5a/m/myself/WWW/_Erwin/plaatjes AsheOriginalSkin.jpg
2015.01.05 23:03 B B:\At School\Erwin\CLD\klas 4\Inf\PO websites\_Eigen website\code\Werkend v13\plaatjes\bowlen.jpg --> ftp.xs4all.nl /ftp/home/.5a/m/myself/WWW/_Erwin/plaatjes bowlen.jpg
2015.01.05 23:03 B B:\At School\Erwin\CLD\klas 4\Inf\PO websites\_Eigen website\code\Werkend v13\plaatjes\chillstepgroot.png --> ftp.xs4all.nl /ftp/home/.5a/m/myself/WWW/_Erwin/plaatjes chillstepgroot.png
2015.01.05 23:03 B B:\At School\Erwin\CLD\klas 4\Inf\PO websites\_Eigen website\code\Werkend v13\plaatjes\colombiana.jpg --> ftp.xs4all.nl /ftp/home/.5a/m/myself/WWW/_Erwin/plaatjes colombiana.jpg
2015.01.05 23:03 B B:\At School\Erwin\CLD\klas 4\Inf\PO websites\_Eigen website\code\Werkend v13\plaatjes\EZRgames.jpg --> ftp.xs4all.nl /ftp/home/.5a/m/myself/WWW/_Erwin/plaatjes EZRgames.jpg
2015.01.05 23:03 B B:\At School\Erwin\CLD\klas 4\Inf\PO websites\_Eigen website\code\Werkend v13\plaatjes\FizzFavouriteSkin.jpg --> ftp.xs4all.nl /ftp/home/.5a/m/myself/WWW/_Erwin/plaatjes FizzFavouriteSkin.jpg
2015.01.05 23:03 B B:\At School\Erwin\CLD\klas 4\Inf\PO websites\_Eigen website\code\Werkend v13\plaatjes\FizzOriginalSkin.jpg --> ftp.xs4all.nl /ftp/home/.5a/m/myself/WWW/_Erwin/plaatjes FizzOriginalSkin.jpg
2015.01.05 23:03 B B:\At School\Erwin\CLD\klas 4\Inf\PO websites\_Eigen website\code\Werkend v13\plaatjes\fotowiebenik.jpg --> ftp.xs4all.nl /ftp/home/.5a/m/myself/WWW/_Erwin/plaatjes fotowiebenik.jpg
2015.01.05 23:03 B B:\At School\Erwin\CLD\klas 4\Inf\PO websites\_Eigen website\code\Werkend v13\plaatjes\gameofthrones.jpg --> ftp.xs4all.nl /ftp/home/.5a/m/myself/WWW/_Erwin/plaatjes gameofthrones.jpg
2015.01.05 23:03 B B:\At School\Erwin\CLD\klas 4\Inf\PO websites\_Eigen website\code\Werkend v13\plaatjes\GnarFavouriteSkin.jpg --> ftp.xs4all.nl /ftp/home/.5a/m/myself/WWW/_Erwin/plaatjes GnarFavouriteSkin.jpg
2015.01.05 23:03 B B:\At School\Erwin\CLD\klas 4\Inf\PO websites\_Eigen website\code\Werkend v13\plaatjes\GnarOriginalSkin.jpg --> ftp.xs4all.nl /ftp/home/.5a/m/myself/WWW/_Erwin/plaatjes GnarOriginalSkin.jpg
2015.01.05 23:04 B B:\At School\Erwin\CLD\klas 4\Inf\PO websites\_Eigen website\code\Werkend v13\plaatjes\hobbit.jpg --> ftp.xs4all.nl /ftp/home/.5a/m/myself/WWW/_Erwin/plaatjes hobbit.jpg
2015.01.05 23:04 B B:\At School\Erwin\CLD\klas 4\Inf\PO websites\_Eigen website\code\Werkend v13\plaatjes\houseofcards.jpg --> ftp.xs4all.nl /ftp/home/.5a/m/myself/WWW/_Erwin/plaatjes houseofcards.jpg
2015.01.05 23:04 B B:\At School\Erwin\CLD\klas 4\Inf\PO websites\_Eigen website\code\Werkend v13\plaatjes\ilovehousemusic.jpg --> ftp.xs4all.nl /ftp/home/.5a/m/myself/WWW/_Erwin/plaatjes ilovehousemusic.jpg
2015.01.05 23:04 B B:\At School\Erwin\CLD\klas 4\Inf\PO websites\_Eigen website\code\Werkend v13\plaatjes\kano.jpg --> ftp.xs4all.nl /ftp/home/.5a/m/myself/WWW/_Erwin/plaatjes kano.jpg
2015.01.05 23:04 B B:\At School\Erwin\CLD\klas 4\Inf\PO websites\_Eigen website\code\Werkend v13\plaatjes\NoNamerRecords.jpg --> ftp.xs4all.nl /ftp/home/.5a/m/myself/WWW/_Erwin/plaatjes NoNamerRecords.jpg
2015.01.05 23:04 B B:\At School\Erwin\CLD\klas 4\Inf\PO websites\_Eigen website\code\Werkend v13\plaatjes\Paradise5.jpg --> ftp.xs4all.nl /ftp/home/.5a/m/myself/WWW/_Erwin/plaatjes Paradise5.jpg
2015.01.05 23:04 B B:\At School\Erwin\CLD\klas 4\Inf\PO websites\_Eigen website\code\Werkend v13\plaatjes\school.jpg --> ftp.xs4all.nl /ftp/home/.5a/m/myself/WWW/_Erwin/plaatjes school.jpg
2015.01.05 23:04 B B:\At School\Erwin\CLD\klas 4\Inf\PO websites\_Eigen website\code\Werkend v13\plaatjes\sherlock.jpg --> ftp.xs4all.nl /ftp/home/.5a/m/myself/WWW/_Erwin/plaatjes sherlock.jpg
2015.01.05 23:04 B B:\At School\Erwin\CLD\klas 4\Inf\PO websites\_Eigen website\code\Werkend v13\plaatjes\TeemoFavouriteSkin.jpg --> ftp.xs4all.nl /ftp/home/.5a/m/myself/WWW/_Erwin/plaatjes TeemoFavouriteSkin.jpg
2015.01.05 23:04 B B:\At School\Erwin\CLD\klas 4\Inf\PO websites\_Eigen website\code\Werkend v13\plaatjes\TeemoOriginalSkin.jpg --> ftp.xs4all.nl /ftp/home/.5a/m/myself/WWW/_Erwin/plaatjes TeemoOriginalSkin.jpg
2015.01.05 23:04 B B:\At School\Erwin\CLD\klas 4\Inf\PO websites\_Eigen website\code\Werkend v13\plaatjes\tennis.jpeg --> ftp.xs4all.nl /ftp/home/.5a/m/myself/WWW/_Erwin/plaatjes tennis.jpeg
2015.01.05 23:04 B B:\At School\Erwin\CLD\klas 4\Inf\PO websites\_Eigen website\code\Werkend v13\plaatjes\tennis.jpg --> ftp.xs4all.nl /ftp/home/.5a/m/myself/WWW/_Erwin/plaatjes tennis.jpg
2015.01.05 23:04 B B:\At School\Erwin\CLD\klas 4\Inf\PO websites\_Eigen website\code\Werkend v13\plaatjes\Thumbs.db --> ftp.xs4all.nl /ftp/home/.5a/m/myself/WWW/_Erwin/plaatjes Thumbs.db
2015.01.05 23:04 B B:\At School\Erwin\CLD\klas 4\Inf\PO websites\_Eigen website\code\Werkend v13\plaatjes\tiger.jpg --> ftp.xs4all.nl /ftp/home/.5a/m/myself/WWW/_Erwin/plaatjes tiger.jpg
2015.01.05 23:04 B B:\At School\Erwin\CLD\klas 4\Inf\PO websites\_Eigen website\code\Werkend v13\plaatjes\transformers.jpg --> ftp.xs4all.nl /ftp/home/.5a/m/myself/WWW/_Erwin/plaatjes transformers.jpg
2015.01.05 23:04 B B:\At School\Erwin\CLD\klas 4\Inf\PO websites\_Eigen website\code\Werkend v13\plaatjes\WS_FTP.LOG --> ftp.xs4all.nl /ftp/home/.5a/m/myself/WWW/_Erwin/plaatjes WS_FTP.LOG
2015.01.05 23:04 B B:\At School\Erwin\CLD\klas 4\Inf\PO websites\_Eigen website\code\Werkend v13\plaatjes\yamaha.jpg --> ftp.xs4all.nl /ftp/home/.5a/m/myself/WWW/_Erwin/plaatjes yamaha.jpg
