2015.01.05 20:02 B B:\At School\Erwin\CLD\klas 4\Inf\PO websites\_Eigen website\code\Werkend v12\AscensionBackground (Small).jpg --> ftp.xs4all.nl /ftp/home/.5a/m/myself/WWW/_Erwin AscensionBackground (Small).jpg
2015.01.05 20:02 B B:\At School\Erwin\CLD\klas 4\Inf\PO websites\_Eigen website\code\Werkend v12\AscensionBackground.jpg --> ftp.xs4all.nl /ftp/home/.5a/m/myself/WWW/_Erwin AscensionBackground.jpg
2015.01.05 20:02 B B:\At School\Erwin\CLD\klas 4\Inf\PO websites\_Eigen website\code\Werkend v12\cloud tumb.jpg --> ftp.xs4all.nl /ftp/home/.5a/m/myself/WWW/_Erwin cloud tumb.jpg
2015.01.05 20:02 B B:\At School\Erwin\CLD\klas 4\Inf\PO websites\_Eigen website\code\Werkend v12\cloud.jpg --> ftp.xs4all.nl /ftp/home/.5a/m/myself/WWW/_Erwin cloud.jpg
2015.01.05 20:02 B B:\At School\Erwin\CLD\klas 4\Inf\PO websites\_Eigen website\code\Werkend v12\index.html --> ftp.xs4all.nl /ftp/home/.5a/m/myself/WWW/_Erwin index.html
2015.01.05 20:02 B B:\At School\Erwin\CLD\klas 4\Inf\PO websites\_Eigen website\code\Werkend v12\moon tumb.jpg --> ftp.xs4all.nl /ftp/home/.5a/m/myself/WWW/_Erwin moon tumb.jpg
2015.01.05 20:02 B B:\At School\Erwin\CLD\klas 4\Inf\PO websites\_Eigen website\code\Werkend v12\moon.jpg --> ftp.xs4all.nl /ftp/home/.5a/m/myself/WWW/_Erwin moon.jpg
2015.01.05 20:02 B B:\At School\Erwin\CLD\klas 4\Inf\PO websites\_Eigen website\code\Werkend v12\Old-Paper-Background.jpg --> ftp.xs4all.nl /ftp/home/.5a/m/myself/WWW/_Erwin Old-Paper-Background.jpg
2015.01.05 20:02 B B:\At School\Erwin\CLD\klas 4\Inf\PO websites\_Eigen website\code\Werkend v12\Panda-achtergrond 16x9.jpg --> ftp.xs4all.nl /ftp/home/.5a/m/myself/WWW/_Erwin Panda-achtergrond 16x9.jpg
2015.01.05 20:02 B B:\At School\Erwin\CLD\klas 4\Inf\PO websites\_Eigen website\code\Werkend v12\Panda-achtergrond 4x3.JPG --> ftp.xs4all.nl /ftp/home/.5a/m/myself/WWW/_Erwin Panda-achtergrond 4x3.JPG
2015.01.05 20:02 B B:\At School\Erwin\CLD\klas 4\Inf\PO websites\_Eigen website\code\Werkend v12\Panda-achtergrond.jpg --> ftp.xs4all.nl /ftp/home/.5a/m/myself/WWW/_Erwin Panda-achtergrond.jpg
2015.01.05 20:02 B B:\At School\Erwin\CLD\klas 4\Inf\PO websites\_Eigen website\code\Werkend v12\panda_animated_eat_slow.gif --> ftp.xs4all.nl /ftp/home/.5a/m/myself/WWW/_Erwin panda_animated_eat_slow.gif
2015.01.05 20:02 B B:\At School\Erwin\CLD\klas 4\Inf\PO websites\_Eigen website\code\Werkend v12\space 2 tumb.jpg --> ftp.xs4all.nl /ftp/home/.5a/m/myself/WWW/_Erwin space 2 tumb.jpg
2015.01.05 20:02 B B:\At School\Erwin\CLD\klas 4\Inf\PO websites\_Eigen website\code\Werkend v12\space 2.jpg --> ftp.xs4all.nl /ftp/home/.5a/m/myself/WWW/_Erwin space 2.jpg
2015.01.05 20:02 B B:\At School\Erwin\CLD\klas 4\Inf\PO websites\_Eigen website\code\Werkend v12\stylesheet.css --> ftp.xs4all.nl /ftp/home/.5a/m/myself/WWW/_Erwin stylesheet.css
2015.01.05 20:03 B B:\At School\Erwin\CLD\klas 4\Inf\PO websites\_Eigen website\code\Werkend v12\hobbit.jpg --> ftp.xs4all.nl /ftp/home/.5a/m/myself/WWW/_Erwin/plaatjes hobbit.jpg
2015.01.05 20:03 B B:\At School\Erwin\CLD\klas 4\Inf\PO websites\_Eigen website\code\Werkend v12\Panda-achtergrond.jpg --> ftp.xs4all.nl /ftp/home/.5a/m/myself/WWW/_Erwin/plaatjes Panda-achtergrond.jpg
2015.01.05 20:03 B B:\At School\Erwin\CLD\klas 4\Inf\PO websites\_Eigen website\code\Werkend v12\panda_animated_eat_slow.gif --> ftp.xs4all.nl /ftp/home/.5a/m/myself/WWW/_Erwin/plaatjes panda_animated_eat_slow.gif
2015.01.05 20:03 B B:\At School\Erwin\CLD\klas 4\Inf\PO websites\_Eigen website\code\Werkend v12\space 2 tumb.jpg --> ftp.xs4all.nl /ftp/home/.5a/m/myself/WWW/_Erwin/plaatjes space 2 tumb.jpg
2015.01.05 20:03 B B:\At School\Erwin\CLD\klas 4\Inf\PO websites\_Eigen website\code\Werkend v12\space 2.jpg --> ftp.xs4all.nl /ftp/home/.5a/m/myself/WWW/_Erwin/plaatjes space 2.jpg
2015.01.05 20:03 B B:\At School\Erwin\CLD\klas 4\Inf\PO websites\_Eigen website\code\Werkend v12\stylesheet.css --> ftp.xs4all.nl /ftp/home/.5a/m/myself/WWW/_Erwin/plaatjes stylesheet.css
2015.01.05 20:03 B B:\At School\Erwin\CLD\klas 4\Inf\PO websites\_Eigen website\code\Werkend v12\Thumbs.db --> ftp.xs4all.nl /ftp/home/.5a/m/myself/WWW/_Erwin/plaatjes Thumbs.db
2015.01.05 20:03 B B:\At School\Erwin\CLD\klas 4\Inf\PO websites\_Eigen website\code\Werkend v12\WS_FTP.LOG --> ftp.xs4all.nl /ftp/home/.5a/m/myself/WWW/_Erwin/plaatjes WS_FTP.LOG
2015.01.05 20:37 B B:\At School\Erwin\CLD\klas 4\Inf\PO websites\_Eigen website\code\Werkend v12\AscensionBackground (Small).jpg --> ftp.xs4all.nl /ftp/home/.5a/m/myself/WWW/_Erwin AscensionBackground (Small).jpg
2015.01.05 20:37 B B:\At School\Erwin\CLD\klas 4\Inf\PO websites\_Eigen website\code\Werkend v12\AscensionBackground.jpg --> ftp.xs4all.nl /ftp/home/.5a/m/myself/WWW/_Erwin AscensionBackground.jpg
2015.01.05 20:37 B B:\At School\Erwin\CLD\klas 4\Inf\PO websites\_Eigen website\code\Werkend v12\cloud tumb.jpg --> ftp.xs4all.nl /ftp/home/.5a/m/myself/WWW/_Erwin cloud tumb.jpg
2015.01.05 20:37 B B:\At School\Erwin\CLD\klas 4\Inf\PO websites\_Eigen website\code\Werkend v12\cloud.jpg --> ftp.xs4all.nl /ftp/home/.5a/m/myself/WWW/_Erwin cloud.jpg
2015.01.05 20:37 B B:\At School\Erwin\CLD\klas 4\Inf\PO websites\_Eigen website\code\Werkend v12\index.html --> ftp.xs4all.nl /ftp/home/.5a/m/myself/WWW/_Erwin index.html
2015.01.05 20:37 B B:\At School\Erwin\CLD\klas 4\Inf\PO websites\_Eigen website\code\Werkend v12\moon tumb.jpg --> ftp.xs4all.nl /ftp/home/.5a/m/myself/WWW/_Erwin moon tumb.jpg
2015.01.05 20:37 B B:\At School\Erwin\CLD\klas 4\Inf\PO websites\_Eigen website\code\Werkend v12\moon.jpg --> ftp.xs4all.nl /ftp/home/.5a/m/myself/WWW/_Erwin moon.jpg
2015.01.05 20:37 B B:\At School\Erwin\CLD\klas 4\Inf\PO websites\_Eigen website\code\Werkend v12\Old-Paper-Background.jpg --> ftp.xs4all.nl /ftp/home/.5a/m/myself/WWW/_Erwin Old-Paper-Background.jpg
2015.01.05 20:37 B B:\At School\Erwin\CLD\klas 4\Inf\PO websites\_Eigen website\code\Werkend v12\Panda-achtergrond 16x9.jpg --> ftp.xs4all.nl /ftp/home/.5a/m/myself/WWW/_Erwin Panda-achtergrond 16x9.jpg
2015.01.05 20:37 B B:\At School\Erwin\CLD\klas 4\Inf\PO websites\_Eigen website\code\Werkend v12\Panda-achtergrond 4x3.JPG --> ftp.xs4all.nl /ftp/home/.5a/m/myself/WWW/_Erwin Panda-achtergrond 4x3.JPG
2015.01.05 20:37 B B:\At School\Erwin\CLD\klas 4\Inf\PO websites\_Eigen website\code\Werkend v12\Panda-achtergrond.jpg --> ftp.xs4all.nl /ftp/home/.5a/m/myself/WWW/_Erwin Panda-achtergrond.jpg
2015.01.05 20:37 B B:\At School\Erwin\CLD\klas 4\Inf\PO websites\_Eigen website\code\Werkend v12\panda_animated_eat_slow.gif --> ftp.xs4all.nl /ftp/home/.5a/m/myself/WWW/_Erwin panda_animated_eat_slow.gif
2015.01.05 20:37 B B:\At School\Erwin\CLD\klas 4\Inf\PO websites\_Eigen website\code\Werkend v12\space 2 tumb.jpg --> ftp.xs4all.nl /ftp/home/.5a/m/myself/WWW/_Erwin space 2 tumb.jpg
2015.01.05 20:37 B B:\At School\Erwin\CLD\klas 4\Inf\PO websites\_Eigen website\code\Werkend v12\space 2.jpg --> ftp.xs4all.nl /ftp/home/.5a/m/myself/WWW/_Erwin space 2.jpg
2015.01.05 20:37 B B:\At School\Erwin\CLD\klas 4\Inf\PO websites\_Eigen website\code\Werkend v12\stylesheet.css --> ftp.xs4all.nl /ftp/home/.5a/m/myself/WWW/_Erwin stylesheet.css
2015.01.05 22:01 B B:\At School\Erwin\CLD\klas 4\Inf\PO websites\_Eigen website\code\Werkend v12\index.html --> ftp.xs4all.nl /ftp/home/.5a/m/myself/WWW/_Erwin index.html
2015.01.05 22:34 B B:\At School\Erwin\CLD\klas 4\Inf\PO websites\_Eigen website\code\Werkend v12\index.html --> ftp.xs4all.nl /ftp/home/.5a/m/myself/WWW/_Erwin index.html
2015.01.05 22:34 B B:\At School\Erwin\CLD\klas 4\Inf\PO websites\_Eigen website\code\Werkend v12\stylesheet.css --> ftp.xs4all.nl /ftp/home/.5a/m/myself/WWW/_Erwin stylesheet.css
2015.01.05 22:40 B B:\At School\Erwin\CLD\klas 4\Inf\PO websites\_Eigen website\code\Werkend v13\index.html --> ftp.xs4all.nl /ftp/home/.5a/m/myself/WWW/_Erwin index.html
2015.01.05 22:40 B B:\At School\Erwin\CLD\klas 4\Inf\PO websites\_Eigen website\code\Werkend v13\stylesheet.css --> ftp.xs4all.nl /ftp/home/.5a/m/myself/WWW/_Erwin stylesheet.css
2015.01.05 22:46 B B:\At School\Erwin\CLD\klas 4\Inf\PO websites\_Eigen website\code\Werkend v13\index.html --> ftp.xs4all.nl /ftp/home/.5a/m/myself/WWW/_Erwin index.html
2015.01.05 22:46 B B:\At School\Erwin\CLD\klas 4\Inf\PO websites\_Eigen website\code\Werkend v13\stylesheet.css --> ftp.xs4all.nl /ftp/home/.5a/m/myself/WWW/_Erwin stylesheet.css
2015.01.05 22:46 B B:\At School\Erwin\CLD\klas 4\Inf\PO websites\_Eigen website\code\Werkend v13\index.html --> ftp.xs4all.nl /ftp/home/.5a/m/myself/WWW/_Erwin index.html
2015.01.05 22:46 B B:\At School\Erwin\CLD\klas 4\Inf\PO websites\_Eigen website\code\Werkend v13\stylesheet.css --> ftp.xs4all.nl /ftp/home/.5a/m/myself/WWW/_Erwin stylesheet.css
2015.01.05 23:02 B B:\At School\Erwin\CLD\klas 4\Inf\PO websites\_Eigen website\code\Werkend v13\AscensionBackground (Small).jpg --> ftp.xs4all.nl /ftp/home/.5a/m/myself/WWW/_Erwin AscensionBackground (Small).jpg
2015.01.05 23:02 B B:\At School\Erwin\CLD\klas 4\Inf\PO websites\_Eigen website\code\Werkend v13\AscensionBackground.jpg --> ftp.xs4all.nl /ftp/home/.5a/m/myself/WWW/_Erwin AscensionBackground.jpg
2015.01.05 23:02 B B:\At School\Erwin\CLD\klas 4\Inf\PO websites\_Eigen website\code\Werkend v13\cloud tumb.jpg --> ftp.xs4all.nl /ftp/home/.5a/m/myself/WWW/_Erwin cloud tumb.jpg
2015.01.05 23:02 B B:\At School\Erwin\CLD\klas 4\Inf\PO websites\_Eigen website\code\Werkend v13\cloud.jpg --> ftp.xs4all.nl /ftp/home/.5a/m/myself/WWW/_Erwin cloud.jpg
2015.01.05 23:02 B B:\At School\Erwin\CLD\klas 4\Inf\PO websites\_Eigen website\code\Werkend v13\index.html --> ftp.xs4all.nl /ftp/home/.5a/m/myself/WWW/_Erwin index.html
2015.01.05 23:02 B B:\At School\Erwin\CLD\klas 4\Inf\PO websites\_Eigen website\code\Werkend v13\moon tumb.jpg --> ftp.xs4all.nl /ftp/home/.5a/m/myself/WWW/_Erwin moon tumb.jpg
2015.01.05 23:02 B B:\At School\Erwin\CLD\klas 4\Inf\PO websites\_Eigen website\code\Werkend v13\moon.jpg --> ftp.xs4all.nl /ftp/home/.5a/m/myself/WWW/_Erwin moon.jpg
2015.01.05 23:02 B B:\At School\Erwin\CLD\klas 4\Inf\PO websites\_Eigen website\code\Werkend v13\Old-Paper-Background.jpg --> ftp.xs4all.nl /ftp/home/.5a/m/myself/WWW/_Erwin Old-Paper-Background.jpg
2015.01.05 23:02 B B:\At School\Erwin\CLD\klas 4\Inf\PO websites\_Eigen website\code\Werkend v13\Panda-achtergrond 16x9.jpg --> ftp.xs4all.nl /ftp/home/.5a/m/myself/WWW/_Erwin Panda-achtergrond 16x9.jpg
2015.01.05 23:02 B B:\At School\Erwin\CLD\klas 4\Inf\PO websites\_Eigen website\code\Werkend v13\Panda-achtergrond 4x3.JPG --> ftp.xs4all.nl /ftp/home/.5a/m/myself/WWW/_Erwin Panda-achtergrond 4x3.JPG
2015.01.05 23:02 B B:\At School\Erwin\CLD\klas 4\Inf\PO websites\_Eigen website\code\Werkend v13\Panda-achtergrond.jpg --> ftp.xs4all.nl /ftp/home/.5a/m/myself/WWW/_Erwin Panda-achtergrond.jpg
2015.01.05 23:02 B B:\At School\Erwin\CLD\klas 4\Inf\PO websites\_Eigen website\code\Werkend v13\panda_animated_eat_slow.gif --> ftp.xs4all.nl /ftp/home/.5a/m/myself/WWW/_Erwin panda_animated_eat_slow.gif
2015.01.05 23:02 B B:\At School\Erwin\CLD\klas 4\Inf\PO websites\_Eigen website\code\Werkend v13\space 2 tumb.jpg --> ftp.xs4all.nl /ftp/home/.5a/m/myself/WWW/_Erwin space 2 tumb.jpg
2015.01.05 23:02 B B:\At School\Erwin\CLD\klas 4\Inf\PO websites\_Eigen website\code\Werkend v13\space 2.jpg --> ftp.xs4all.nl /ftp/home/.5a/m/myself/WWW/_Erwin space 2.jpg
2015.01.05 23:02 B B:\At School\Erwin\CLD\klas 4\Inf\PO websites\_Eigen website\code\Werkend v13\stylesheet.css --> ftp.xs4all.nl /ftp/home/.5a/m/myself/WWW/_Erwin stylesheet.css
